xrun(64): 23.09-s003: (c) Copyright 1995-2023 Cadence Design Systems, Inc.
TOOL:	xrun(64)	23.09-s003: Started on Apr 16, 2026 at 13:19:08 -03
xrun
	-sv
	-timescale 1ns/1ps
	sprit_1.sv
	tb_sprint_1.sv
file: tb_sprint_1.sv
	module worklib.xor_tb:sv
		errors: 0, warnings: 0
		Caching library 'worklib' ....... Done
	Elaborating the design hierarchy:
	Top level design units:
		somador_dor
		xor_tb
	Building instance overlay tables: .................... Done
	Generating native compiled code:
		worklib.xor_xor:sv <0x4ac459ac>
			streams:   0, words:     0
		worklib.xor_tb:sv <0x53e7108d>
			streams:   5, words:  6263
		worklib.somador_dor:sv <0x0b331cbf>
			streams:   0, words:     0
	Building instance specific data structures.
	Loading native compiled code:     .................... Done
	Design hierarchy summary:
		                 Instances  Unique
		Modules:                 3       3
		Registers:               3       3
		Scalar wires:            4       -
		Vectored wires:          1       -
		Initial blocks:          1       1
		Cont. assignments:       0       2
		Pseudo assignments:      3       -
		Simulation timescale:  1ps
	Writing initial simulation snapshot: worklib.somador_dor:sv
Loading snapshot worklib.somador_dor:sv .................... Done
xcelium> source /Tools/cadence/XCELIUM2309/tools/xcelium/files/xmsimrc
xcelium> run
xmsim: *W,DVEXACC: some objects excluded from $dumpvars due to access restrictions, use +access+r on command line for access to all objects.
            File: ./tb_sprint_1.sv, line = 20, pos = 16
           Scope: xor_tb
            Time: 0 FS + 0

time=  0, sa=0, sb=0, saida=0
time= 10, sa=0, sb=1, saida=1
time= 20, sa=1, sb=0, saida=1
time= 30, sa=1, sb=1, saida=0
finish
xmsim: *W,RNQUIE: Simulation is complete.
xcelium> exit
TOOL:	xrun(64)	23.09-s003: Exiting on Apr 16, 2026 at 13:19:09 -03  (total: 00:00:01)
